{"/Users/mac/Desktop/UNIT-BASIC/src/add.js": {"path":"/Users/mac/Desktop/UNIT-BASIC/src/add.js","all":false,"statementMap":{"0":{"start":{"line":1,"column":0},"end":{"line":1,"column":20}},"1":{"start":{"line":2,"column":0},"end":{"line":2,"column":17}},"2":{"start":{"line":3,"column":0},"end":{"line":3,"column":3}},"3":{"start":{"line":4,"column":0},"end":{"line":4,"column":23}}},"s":{"0":1,"1":1,"2":1,"3":1},"branchMap":{"0":{"type":"branch","line":1,"loc":{"start":{"line":1,"column":0},"end":{"line":3,"column":3}},"locations":[{"start":{"line":1,"column":0},"end":{"line":3,"column":3}}]}},"b":{"0":[1]},"fnMap":{"0":{"name":"add","decl":{"start":{"line":1,"column":0},"end":{"line":3,"column":3}},"loc":{"start":{"line":1,"column":0},"end":{"line":3,"column":3}},"line":1}},"f":{"0":1}}
,"/Users/mac/Desktop/UNIT-BASIC/src/calculator.js": {"path":"/Users/mac/Desktop/UNIT-BASIC/src/calculator.js","all":false,"statementMap":{"0":{"start":{"line":1,"column":0},"end":{"line":1,"column":18}},"1":{"start":{"line":2,"column":0},"end":{"line":2,"column":18}},"2":{"start":{"line":3,"column":0},"end":{"line":3,"column":23}},"3":{"start":{"line":4,"column":0},"end":{"line":4,"column":5}},"4":{"start":{"line":5,"column":0},"end":{"line":5,"column":0}},"5":{"start":{"line":6,"column":0},"end":{"line":6,"column":13}},"6":{"start":{"line":7,"column":0},"end":{"line":7,"column":25}},"7":{"start":{"line":8,"column":0},"end":{"line":8,"column":5}},"8":{"start":{"line":9,"column":0},"end":{"line":9,"column":12}},"9":{"start":{"line":10,"column":0},"end":{"line":10,"column":23}},"10":{"start":{"line":11,"column":0},"end":{"line":11,"column":5}},"11":{"start":{"line":12,"column":0},"end":{"line":12,"column":13}},"12":{"start":{"line":13,"column":0},"end":{"line":13,"column":37}},"13":{"start":{"line":14,"column":0},"end":{"line":14,"column":22}},"14":{"start":{"line":15,"column":0},"end":{"line":15,"column":62}},"15":{"start":{"line":16,"column":0},"end":{"line":16,"column":9}},"16":{"start":{"line":17,"column":0},"end":{"line":17,"column":37}},"17":{"start":{"line":18,"column":0},"end":{"line":18,"column":5}},"18":{"start":{"line":19,"column":0},"end":{"line":19,"column":18}},"19":{"start":{"line":20,"column":0},"end":{"line":20,"column":37}},"20":{"start":{"line":21,"column":0},"end":{"line":21,"column":5}},"21":{"start":{"line":22,"column":0},"end":{"line":22,"column":18}},"22":{"start":{"line":23,"column":0},"end":{"line":23,"column":37}},"23":{"start":{"line":24,"column":0},"end":{"line":24,"column":5}},"24":{"start":{"line":25,"column":0},"end":{"line":25,"column":16}},"25":{"start":{"line":26,"column":0},"end":{"line":26,"column":37}},"26":{"start":{"line":27,"column":0},"end":{"line":27,"column":5}},"27":{"start":{"line":28,"column":0},"end":{"line":28,"column":1}},"28":{"start":{"line":29,"column":0},"end":{"line":29,"column":0}},"29":{"start":{"line":30,"column":0},"end":{"line":30,"column":28}}},"s":{"0":1,"1":1,"2":7,"3":7,"4":1,"5":1,"6":4,"7":4,"8":1,"9":0,"10":0,"11":1,"12":2,"13":2,"14":0,"15":0,"16":2,"17":2,"18":1,"19":0,"20":0,"21":1,"22":1,"23":1,"24":1,"25":2,"26":2,"27":1,"28":1,"29":1},"branchMap":{"0":{"type":"branch","line":2,"loc":{"start":{"line":2,"column":4},"end":{"line":4,"column":5}},"locations":[{"start":{"line":2,"column":4},"end":{"line":4,"column":5}}]},"1":{"type":"branch","line":6,"loc":{"start":{"line":6,"column":4},"end":{"line":8,"column":5}},"locations":[{"start":{"line":6,"column":4},"end":{"line":8,"column":5}}]},"2":{"type":"branch","line":12,"loc":{"start":{"line":12,"column":4},"end":{"line":18,"column":5}},"locations":[{"start":{"line":12,"column":4},"end":{"line":18,"column":5}}]},"3":{"type":"branch","line":14,"loc":{"start":{"line":14,"column":21},"end":{"line":16,"column":9}},"locations":[{"start":{"line":14,"column":21},"end":{"line":16,"column":9}}]},"4":{"type":"branch","line":22,"loc":{"start":{"line":22,"column":4},"end":{"line":24,"column":5}},"locations":[{"start":{"line":22,"column":4},"end":{"line":24,"column":5}}]},"5":{"type":"branch","line":25,"loc":{"start":{"line":25,"column":4},"end":{"line":27,"column":5}},"locations":[{"start":{"line":25,"column":4},"end":{"line":27,"column":5}}]}},"b":{"0":[7],"1":[4],"2":[2],"3":[0],"4":[1],"5":[2]},"fnMap":{"0":{"name":"Calculator","decl":{"start":{"line":2,"column":4},"end":{"line":4,"column":5}},"loc":{"start":{"line":2,"column":4},"end":{"line":4,"column":5}},"line":2},"1":{"name":"set","decl":{"start":{"line":6,"column":4},"end":{"line":8,"column":5}},"loc":{"start":{"line":6,"column":4},"end":{"line":8,"column":5}},"line":6},"2":{"name":"clear","decl":{"start":{"line":9,"column":4},"end":{"line":11,"column":5}},"loc":{"start":{"line":9,"column":4},"end":{"line":11,"column":5}},"line":9},"3":{"name":"add","decl":{"start":{"line":12,"column":4},"end":{"line":18,"column":5}},"loc":{"start":{"line":12,"column":4},"end":{"line":18,"column":5}},"line":12},"4":{"name":"subtract","decl":{"start":{"line":19,"column":4},"end":{"line":21,"column":5}},"loc":{"start":{"line":19,"column":4},"end":{"line":21,"column":5}},"line":19},"5":{"name":"multiply","decl":{"start":{"line":22,"column":4},"end":{"line":24,"column":5}},"loc":{"start":{"line":22,"column":4},"end":{"line":24,"column":5}},"line":22},"6":{"name":"divide","decl":{"start":{"line":25,"column":4},"end":{"line":27,"column":5}},"loc":{"start":{"line":25,"column":4},"end":{"line":27,"column":5}},"line":25}},"f":{"0":7,"1":4,"2":0,"3":2,"4":0,"5":1,"6":2}}
}
