TN:
SF:src/add.js
FN:1,add
FNF:1
FNH:1
FNDA:1,add
DA:1,1
DA:2,1
DA:3,1
DA:4,1
LF:4
LH:4
BRDA:1,0,0,1
BRF:1
BRH:1
end_of_record
TN:
SF:src/calculator.js
FN:2,Calculator
FN:6,set
FN:9,clear
FN:12,add
FN:19,subtract
FN:22,multiply
FN:25,divide
FNF:7
FNH:5
FNDA:7,Calculator
FNDA:4,set
FNDA:0,clear
FNDA:2,add
FNDA:0,subtract
FNDA:1,multiply
FNDA:2,divide
DA:1,1
DA:2,1
DA:3,7
DA:4,7
DA:5,1
DA:6,1
DA:7,4
DA:8,4
DA:9,1
DA:10,0
DA:11,0
DA:12,1
DA:13,2
DA:14,2
DA:15,0
DA:16,0
DA:17,2
DA:18,2
DA:19,1
DA:20,0
DA:21,0
DA:22,1
DA:23,1
DA:24,1
DA:25,1
DA:26,2
DA:27,2
DA:28,1
DA:29,1
DA:30,1
LF:30
LH:24
BRDA:2,0,0,7
BRDA:6,1,0,4
BRDA:12,2,0,2
BRDA:14,3,0,0
BRDA:22,4,0,1
BRDA:25,5,0,2
BRF:6
BRH:5
end_of_record
